Reading package lists...
Building dependency tree...
Reading state information...
The following extra packages will be installed:
  python-pygments
Suggested packages:
  ttf-bitstream-vera
The following NEW packages will be installed:
  httpie python-pygments
0 upgraded, 2 newly installed, 0 to remove and 0 not upgraded.
Need to get 585 kB of archives.
After this operation, 3,096 kB of additional disk space will be used.
Get:1 http://us.archive.ubuntu.com/ubuntu/ trusty-updates/main python-pygments all 1.6+dfsg-1ubuntu1.1 [530 kB]
Get:2 http://us.archive.ubuntu.com/ubuntu/ trusty/universe httpie amd64 0.8.0-1 [55.5 kB]
Fetched 585 kB in 10s (54.3 kB/s)
Selecting previously unselected package python-pygments.
(Reading database ... 206870 files and directories currently installed.)
Preparing to unpack .../python-pygments_1.6+dfsg-1ubuntu1.1_all.deb ...
Unpacking python-pygments (1.6+dfsg-1ubuntu1.1) ...
Selecting previously unselected package httpie.
Preparing to unpack .../httpie_0.8.0-1_amd64.deb ...
Unpacking httpie (0.8.0-1) ...
Processing triggers for man-db (2.6.7.1-1ubuntu1) ...
Setting up python-pygments (1.6+dfsg-1ubuntu1.1) ...
Setting up httpie (0.8.0-1) ...
