OK
OK
OK
Ign http://dl.google.com stable InRelease
Ign http://us.archive.ubuntu.com trusty InRelease
Hit http://dl.google.com stable Release.gpg
Hit http://dl.google.com stable Release
Get:1 http://us.archive.ubuntu.com trusty-updates InRelease [65.9 kB]
Hit http://repository.spotify.com stable InRelease
Hit http://dl.google.com stable/main amd64 Packages
Hit http://ppa.launchpad.net trusty InRelease
Get:2 http://security.ubuntu.com trusty-security InRelease [65.9 kB]
Hit http://us.archive.ubuntu.com trusty-backports InRelease
Ign http://extras.ubuntu.com trusty InRelease
Hit http://ppa.launchpad.net trusty InRelease
Hit http://us.archive.ubuntu.com trusty Release.gpg
Hit https://dl.yarnpkg.com stable InRelease
Hit https://deb.nodesource.com trusty InRelease
Get:3 http://us.archive.ubuntu.com trusty-updates/main Sources [395 kB]
Hit http://repository.spotify.com stable/non-free amd64 Packages
Hit https://deb.nodesource.com trusty/main Sources
Hit https://deb.nodesource.com trusty/main amd64 Packages
Hit http://ppa.launchpad.net trusty InRelease
Hit https://deb.nodesource.com trusty/main i386 Packages
Get:4 http://extras.ubuntu.com trusty Release.gpg [72 B]
Hit https://dl.yarnpkg.com stable/main amd64 Packages
Ign http://dl.google.com stable/main Translation-en_US
Hit https://dl.yarnpkg.com stable/main i386 Packages
Get:5 https://deb.nodesource.com trusty/main Translation-en_US
Get:6 https://dl.yarnpkg.com stable/main Translation-en_US
Get:7 https://dl.yarnpkg.com stable/main Translation-en_US
Get:8 https://dl.yarnpkg.com stable/main Translation-en_US
Get:9 https://dl.yarnpkg.com stable/main Translation-en_US
Get:10 https://dl.yarnpkg.com stable/main Translation-en_US
Get:11 https://dl.yarnpkg.com stable/main Translation-en_US
Ign http://dl.google.com stable/main Translation-en
Get:12 https://dl.yarnpkg.com stable/main Translation-en_US
Get:13 https://dl.yarnpkg.com stable/main Translation-en_US
Hit http://ppa.launchpad.net trusty/main amd64 Packages
Hit http://repository.spotify.com stable/non-free i386 Packages
Get:14 https://dl.yarnpkg.com stable/main Translation-en
Get:15 https://dl.yarnpkg.com stable/main Translation-en
Get:16 https://dl.yarnpkg.com stable/main Translation-en
Get:17 https://dl.yarnpkg.com stable/main Translation-en
Get:18 https://dl.yarnpkg.com stable/main Translation-en
Get:19 https://dl.yarnpkg.com stable/main Translation-en
Get:20 https://dl.yarnpkg.com stable/main Translation-en
Get:21 https://dl.yarnpkg.com stable/main Translation-en
Hit http://extras.ubuntu.com trusty Release
Get:22 https://dl.yarnpkg.com stable/main Translation-en_US
Get:23 https://dl.yarnpkg.com stable/main Translation-en_US
Get:24 https://dl.yarnpkg.com stable/main Translation-en_US
Get:25 https://dl.yarnpkg.com stable/main Translation-en_US
Get:26 https://dl.yarnpkg.com stable/main Translation-en_US
Get:27 https://dl.yarnpkg.com stable/main Translation-en_US
Get:28 https://dl.yarnpkg.com stable/main Translation-en_US
Get:29 https://dl.yarnpkg.com stable/main Translation-en_US
Get:30 https://dl.yarnpkg.com stable/main Translation-en
Hit http://ppa.launchpad.net trusty/main i386 Packages
Get:31 https://dl.yarnpkg.com stable/main Translation-en
Get:32 https://dl.yarnpkg.com stable/main Translation-en
Get:33 https://dl.yarnpkg.com stable/main Translation-en
Get:34 https://dl.yarnpkg.com stable/main Translation-en
Get:35 https://dl.yarnpkg.com stable/main Translation-en
Get:36 https://dl.yarnpkg.com stable/main Translation-en
Get:37 https://dl.yarnpkg.com stable/main Translation-en
Get:38 https://dl.yarnpkg.com stable/main Translation-en_US
Get:39 https://dl.yarnpkg.com stable/main Translation-en_US
Get:40 https://dl.yarnpkg.com stable/main Translation-en_US
Get:41 https://dl.yarnpkg.com stable/main Translation-en_US
Get:42 http://security.ubuntu.com trusty-security/main Sources [129 kB]
Ign http://repository.spotify.com stable/non-free Translation-en_US
Get:43 https://dl.yarnpkg.com stable/main Translation-en
Get:44 https://dl.yarnpkg.com stable/main Translation-en
Get:45 https://dl.yarnpkg.com stable/main Translation-en
Hit http://extras.ubuntu.com trusty/main Sources
Ign http://repository.spotify.com stable/non-free Translation-en
Hit http://ppa.launchpad.net trusty/main Translation-en
Get:46 https://dl.yarnpkg.com stable/main Translation-en_US
Get:47 https://dl.yarnpkg.com stable/main Translation-en_US
Get:48 https://dl.yarnpkg.com stable/main Translation-en_US
Ign https://deb.nodesource.com trusty/main Translation-en_US
Ign https://deb.nodesource.com trusty/main Translation-en
Get:49 http://us.archive.ubuntu.com trusty-updates/restricted Sources [6,327 B]
Get:50 https://dl.yarnpkg.com stable/main Translation-en
Get:51 https://dl.yarnpkg.com stable/main Translation-en
Get:52 https://dl.yarnpkg.com stable/main Translation-en
Hit http://ppa.launchpad.net trusty/main amd64 Packages
Get:53 http://us.archive.ubuntu.com trusty-updates/universe Sources [178 kB]
Get:54 https://dl.yarnpkg.com stable/main Translation-en_US
Get:55 https://dl.yarnpkg.com stable/main Translation-en_US
Get:56 https://dl.yarnpkg.com stable/main Translation-en_US
Ign https://dl.yarnpkg.com stable/main Translation-en_US
Hit http://extras.ubuntu.com trusty/main amd64 Packages
Get:57 https://dl.yarnpkg.com stable/main Translation-en
Get:58 https://dl.yarnpkg.com stable/main Translation-en
Get:59 https://dl.yarnpkg.com stable/main Translation-en
Ign https://dl.yarnpkg.com stable/main Translation-en
Hit http://ppa.launchpad.net trusty/main i386 Packages
Hit http://extras.ubuntu.com trusty/main i386 Packages
Hit http://ppa.launchpad.net trusty/main Translation-en
Get:60 http://us.archive.ubuntu.com trusty-updates/multiverse Sources [7,759 B]
Get:61 http://us.archive.ubuntu.com trusty-updates/main amd64 Packages [972 kB]
Hit http://ppa.launchpad.net trusty/main amd64 Packages
Get:62 http://security.ubuntu.com trusty-security/restricted Sources [4,941 B]
Hit http://ppa.launchpad.net trusty/main i386 Packages
Get:63 http://security.ubuntu.com trusty-security/universe Sources [52.2 kB]
Hit http://ppa.launchpad.net trusty/main Translation-en
Ign http://extras.ubuntu.com trusty/main Translation-en_US
Get:64 http://security.ubuntu.com trusty-security/multiverse Sources [3,196 B]
Ign http://extras.ubuntu.com trusty/main Translation-en
Get:65 http://security.ubuntu.com trusty-security/main amd64 Packages [605 kB]
Get:66 http://us.archive.ubuntu.com trusty-updates/restricted amd64 Packages [17.1 kB]
Get:67 http://us.archive.ubuntu.com trusty-updates/universe amd64 Packages [403 kB]
Get:68 http://us.archive.ubuntu.com trusty-updates/multiverse amd64 Packages [14.3 kB]
Get:69 http://us.archive.ubuntu.com trusty-updates/main i386 Packages [932 kB]
Get:70 http://us.archive.ubuntu.com trusty-updates/restricted i386 Packages [16.9 kB]
Get:71 http://us.archive.ubuntu.com trusty-updates/universe i386 Packages [405 kB]
Get:72 http://security.ubuntu.com trusty-security/restricted amd64 Packages [14.0 kB]
Get:73 http://security.ubuntu.com trusty-security/universe amd64 Packages [155 kB]
Get:74 http://us.archive.ubuntu.com trusty-updates/multiverse i386 Packages [14.6 kB]
Get:75 http://us.archive.ubuntu.com trusty-updates/main Translation-en [483 kB]
Get:76 http://security.ubuntu.com trusty-security/multiverse amd64 Packages [4,135 B]
Get:77 http://security.ubuntu.com trusty-security/main i386 Packages [565 kB]
Get:78 http://us.archive.ubuntu.com trusty-updates/multiverse Translation-en [7,430 B]
Get:79 http://us.archive.ubuntu.com trusty-updates/restricted Translation-en [3,975 B]
Get:80 http://us.archive.ubuntu.com trusty-updates/universe Translation-en [214 kB]
Hit http://us.archive.ubuntu.com trusty-backports/main Sources
Hit http://us.archive.ubuntu.com trusty-backports/restricted Sources
Hit http://us.archive.ubuntu.com trusty-backports/universe Sources
Hit http://us.archive.ubuntu.com trusty-backports/multiverse Sources
Hit http://us.archive.ubuntu.com trusty-backports/main amd64 Packages
Hit http://us.archive.ubuntu.com trusty-backports/restricted amd64 Packages
Hit http://us.archive.ubuntu.com trusty-backports/universe amd64 Packages
Hit http://us.archive.ubuntu.com trusty-backports/multiverse amd64 Packages
Hit http://us.archive.ubuntu.com trusty-backports/main i386 Packages
Hit http://us.archive.ubuntu.com trusty-backports/restricted i386 Packages
Hit http://us.archive.ubuntu.com trusty-backports/universe i386 Packages
Hit http://us.archive.ubuntu.com trusty-backports/multiverse i386 Packages
Hit http://us.archive.ubuntu.com trusty-backports/main Translation-en
Hit http://us.archive.ubuntu.com trusty-backports/multiverse Translation-en
Hit http://us.archive.ubuntu.com trusty-backports/restricted Translation-en
Hit http://us.archive.ubuntu.com trusty-backports/universe Translation-en
Hit http://us.archive.ubuntu.com trusty Release
Hit http://us.archive.ubuntu.com trusty/main Sources
Hit http://us.archive.ubuntu.com trusty/restricted Sources
Hit http://us.archive.ubuntu.com trusty/universe Sources
Hit http://us.archive.ubuntu.com trusty/multiverse Sources
Hit http://us.archive.ubuntu.com trusty/main amd64 Packages
Hit http://us.archive.ubuntu.com trusty/restricted amd64 Packages
Hit http://us.archive.ubuntu.com trusty/universe amd64 Packages
Hit http://us.archive.ubuntu.com trusty/multiverse amd64 Packages
Hit http://us.archive.ubuntu.com trusty/main i386 Packages
Hit http://us.archive.ubuntu.com trusty/restricted i386 Packages
Hit http://us.archive.ubuntu.com trusty/universe i386 Packages
Hit http://us.archive.ubuntu.com trusty/multiverse i386 Packages
Hit http://us.archive.ubuntu.com trusty/main Translation-en
Hit http://us.archive.ubuntu.com trusty/multiverse Translation-en
Hit http://us.archive.ubuntu.com trusty/restricted Translation-en
Hit http://us.archive.ubuntu.com trusty/universe Translation-en
Ign http://us.archive.ubuntu.com trusty/main Translation-en_US
Ign http://us.archive.ubuntu.com trusty/multiverse Translation-en_US
Ign http://us.archive.ubuntu.com trusty/restricted Translation-en_US
Ign http://us.archive.ubuntu.com trusty/universe Translation-en_US
Get:81 http://security.ubuntu.com trusty-security/restricted i386 Packages [13.8 kB]
Get:82 http://security.ubuntu.com trusty-security/universe i386 Packages [155 kB]
Get:83 http://security.ubuntu.com trusty-security/multiverse i386 Packages [4,288 B]
Get:84 http://security.ubuntu.com trusty-security/main Translation-en [332 kB]
Get:85 http://security.ubuntu.com trusty-security/multiverse Translation-en [2,201 B]
Get:86 http://security.ubuntu.com trusty-security/restricted Translation-en [3,505 B]
Get:87 http://security.ubuntu.com trusty-security/universe Translation-en [90.7 kB]
Fetched 6,336 kB in 19s (325 kB/s)
Reading package lists...
Reading package lists...
Building dependency tree...
Reading state information...
The following packages will be upgraded:
  firefox firefox-locale-en libfreetype6
3 upgraded, 0 newly installed, 0 to remove and 0 not upgraded.
Need to get 47.1 MB of archives.
After this operation, 717 kB disk space will be freed.
Get:1 http://us.archive.ubuntu.com/ubuntu/ trusty-updates/main libfreetype6 amd64 2.5.2-1ubuntu2.7 [305 kB]
Get:2 http://us.archive.ubuntu.com/ubuntu/ trusty-updates/main firefox amd64 53.0+build6-0ubuntu0.14.04.1 [46.1 MB]
Get:3 http://us.archive.ubuntu.com/ubuntu/ trusty-updates/main firefox-locale-en amd64 53.0+build6-0ubuntu0.14.04.1 [665 kB]
Fetched 47.1 MB in 1min 48s (434 kB/s)
(Reading database ... 223650 files and directories currently installed.)
Preparing to unpack .../libfreetype6_2.5.2-1ubuntu2.7_amd64.deb ...
Unpacking libfreetype6:amd64 (2.5.2-1ubuntu2.7) over (2.5.2-1ubuntu2.6) ...
Preparing to unpack .../firefox_53.0+build6-0ubuntu0.14.04.1_amd64.deb ...
Unpacking firefox (53.0+build6-0ubuntu0.14.04.1) over (52.0.2+build1-0ubuntu0.14.04.1) ...
Preparing to unpack .../firefox-locale-en_53.0+build6-0ubuntu0.14.04.1_amd64.deb ...
Unpacking firefox-locale-en (53.0+build6-0ubuntu0.14.04.1) over (52.0.2+build1-0ubuntu0.14.04.1) ...
Processing triggers for gnome-menus (3.10.1-0ubuntu2) ...
Processing triggers for desktop-file-utils (0.22-1ubuntu1) ...
Processing triggers for bamfdaemon (0.5.1+14.04.20140409-0ubuntu1) ...
Rebuilding /usr/share/applications/bamf-2.index...
Processing triggers for mime-support (3.54ubuntu1.1) ...
Processing triggers for man-db (2.6.7.1-1ubuntu1) ...
Setting up libfreetype6:amd64 (2.5.2-1ubuntu2.7) ...
Setting up firefox (53.0+build6-0ubuntu0.14.04.1) ...
Please restart all running instances of firefox, or you will experience problems.
Setting up firefox-locale-en (53.0+build6-0ubuntu0.14.04.1) ...
Processing triggers for libc-bin (2.19-0ubuntu6.11) ...
Reading package lists...
Building dependency tree...
Reading state information...
Reading package lists...
Building dependency tree...
Reading state information...
spotify-client is already the newest version.
0 upgraded, 0 newly installed, 0 to remove and 0 not upgraded.
Reading package lists...
Building dependency tree...
Reading state information...
terminator is already the newest version.
0 upgraded, 0 newly installed, 0 to remove and 0 not upgraded.
Reading package lists...
Building dependency tree...
Reading state information...
unity-tweak-tool is already the newest version.
0 upgraded, 0 newly installed, 0 to remove and 0 not upgraded.
Reading package lists...
Building dependency tree...
Reading state information...
atom is already the newest version.
0 upgraded, 0 newly installed, 0 to remove and 0 not upgraded.
Reading package lists...
Building dependency tree...
Reading state information...
variety is already the newest version.
variety-slideshow is already the newest version.
0 upgraded, 0 newly installed, 0 to remove and 0 not upgraded.
Reading package lists...
Building dependency tree...
Reading state information...
httpie is already the newest version.
0 upgraded, 0 newly installed, 0 to remove and 0 not upgraded.
Reading package lists...
Building dependency tree...
Reading state information...
variety is already the newest version.
variety-slideshow is already the newest version.
0 upgraded, 0 newly installed, 0 to remove and 0 not upgraded.
