Reading package lists...
Building dependency tree...
Reading state information...
terminator is already the newest version.
0 upgraded, 0 newly installed, 0 to remove and 0 not upgraded.
Reading package lists...
Building dependency tree...
Reading state information...
unity-tweak-tool is already the newest version.
0 upgraded, 0 newly installed, 0 to remove and 0 not upgraded.
Reading package lists...
Building dependency tree...
Reading state information...
atom is already the newest version.
0 upgraded, 0 newly installed, 0 to remove and 0 not upgraded.
Reading package lists...
Building dependency tree...
Reading state information...
variety is already the newest version.
variety-slideshow is already the newest version.
0 upgraded, 0 newly installed, 0 to remove and 0 not upgraded.
Reading package lists...
Building dependency tree...
Reading state information...
httpie is already the newest version.
0 upgraded, 0 newly installed, 0 to remove and 0 not upgraded.
